<?xml version="1.0" encoding="UTF-8"?>
<testng-results ignored="0" total="1" passed="1" failed="0" skipped="0">
  <reporter-output>
  </reporter-output>
  <suite started-at="2023-05-03T11:40:06 IST" name="Default suite" finished-at="2023-05-03T11:40:14 IST" duration-ms="7121">
    <groups>
    </groups>
    <test started-at="2023-05-03T11:40:06 IST" name="Default test" finished-at="2023-05-03T11:40:14 IST" duration-ms="7121">
      <class name="DataDrivenTest.ScreenshotDemo">
        <test-method signature="capture()[pri:0, instance:DataDrivenTest.ScreenshotDemo@4803b726]" started-at="2023-05-03T11:40:06 IST" name="capture" finished-at="2023-05-03T11:40:14 IST" duration-ms="7039" status="PASS">
          <reporter-output>
          </reporter-output>
        </test-method> <!-- capture -->
      </class> <!-- DataDrivenTest.ScreenshotDemo -->
    </test> <!-- Default test -->
  </suite> <!-- Default suite -->
</testng-results>
